-------------------------------------------------------------------------------
Test set: tests.FirstTest
-------------------------------------------------------------------------------
Tests run: 1, Failures: 1, Errors: 0, Skipped: 0, Time elapsed: 15.752 s <<< FAILURE! - in tests.FirstTest
TestGoogleSearchEngine(tests.FirstTest)  Time elapsed: 8.114 s  <<< FAILURE!
java.lang.AssertionError: DOWNLOADING WAS NOT COMPLETED CORRECTLY
	at tests.FirstTest.TestGoogleSearchEngine(FirstTest.java:39)

